[    0.000000] Linux version 4.15.0-88-generic (buildd@lgw01-amd64-036) (gcc version 7.4.0 (Ubuntu 7.4.0-1ubuntu1~18.04.1)) #88-Ubuntu SMP Tue Feb 11 20:11:34 UTC 2020 (Ubuntu 4.15.0-88.88-generic 4.15.18)
[    0.000000] Command line: BOOT_IMAGE=/boot/vmlinuz-4.15.0-88-generic root=LABEL=cloudimg-rootfs ro console=tty1 console=ttyS0
[    0.000000] KERNEL supported cpus:
[    0.000000]   Intel GenuineIntel
[    0.000000]   AMD AuthenticAMD
[    0.000000]   Centaur CentaurHauls
[    0.000000] x86/fpu: Supporting XSAVE feature 0x001: 'x87 floating point registers'
[    0.000000] x86/fpu: Supporting XSAVE feature 0x002: 'SSE registers'
[    0.000000] x86/fpu: Supporting XSAVE feature 0x004: 'AVX registers'
[    0.000000] x86/fpu: xstate_offset[2]:  576, xstate_sizes[2]:  256
[    0.000000] x86/fpu: Enabled xstate features 0x7, context size is 832 bytes, using 'standard' format.
[    0.000000] e820: BIOS-provided physical RAM map:
[    0.000000] BIOS-e820: [mem 0x0000000000000000-0x000000000009fbff] usable
[    0.000000] BIOS-e820: [mem 0x000000000009fc00-0x000000000009ffff] reserved
[    0.000000] BIOS-e820: [mem 0x00000000000f0000-0x00000000000fffff] reserved
[    0.000000] BIOS-e820: [mem 0x0000000000100000-0x000000003ffeffff] usable
[    0.000000] BIOS-e820: [mem 0x000000003fff0000-0x000000003fffffff] ACPI data
[    0.000000] BIOS-e820: [mem 0x00000000fec00000-0x00000000fec00fff] reserved
[    0.000000] BIOS-e820: [mem 0x00000000fee00000-0x00000000fee00fff] reserved
[    0.000000] BIOS-e820: [mem 0x00000000fffc0000-0x00000000ffffffff] reserved
[    0.000000] NX (Execute Disable) protection: active
[    0.000000] SMBIOS 2.5 present.
[    0.000000] DMI: innotek GmbH VirtualBox/VirtualBox, BIOS VirtualBox 12/01/2006
[    0.000000] Hypervisor detected: KVM
[    0.000000] e820: last_pfn = 0x3fff0 max_arch_pfn = 0x400000000
[    0.000000] MTRR: Disabled
[    0.000000] x86/PAT: MTRRs disabled, skipping PAT initialization too.
[    0.000000] CPU MTRRs all blank - virtualized system.
[    0.000000] x86/PAT: Configuration [0-7]: WB  WT  UC- UC  WB  WT  UC- UC  
[    0.000000] found SMP MP-table at [mem 0x0009fff0-0x0009ffff]
[    0.000000] Scanning 1 areas for low memory corruption
[    0.000000] RAMDISK: [mem 0x35a6d000-0x36d2dfff]
[    0.000000] ACPI: Early table checksum verification disabled
[    0.000000] ACPI: RSDP 0x00000000000E0000 000024 (v02 VBOX  )
[    0.000000] ACPI: XSDT 0x000000003FFF0030 00003C (v01 VBOX   VBOXXSDT 00000001 ASL  00000061)
[    0.000000] ACPI: FACP 0x000000003FFF00F0 0000F4 (v04 VBOX   VBOXFACP 00000001 ASL  00000061)
[    0.000000] ACPI: DSDT 0x000000003FFF0470 002325 (v02 VBOX   VBOXBIOS 00000002 INTL 20100528)
[    0.000000] ACPI: FACS 0x000000003FFF0200 000040
[    0.000000] ACPI: FACS 0x000000003FFF0200 000040
[    0.000000] ACPI: APIC 0x000000003FFF0240 00005C (v02 VBOX   VBOXAPIC 00000001 ASL  00000061)
[    0.000000] ACPI: SSDT 0x000000003FFF02A0 0001CC (v01 VBOX   VBOXCPUT 00000002 INTL 20100528)
[    0.000000] No NUMA configuration found
[    0.000000] Faking a node at [mem 0x0000000000000000-0x000000003ffeffff]
[    0.000000] NODE_DATA(0) allocated [mem 0x3ffc5000-0x3ffeffff]
[    0.000000] kvm-clock: cpu 0, msr 0:3ff44001, primary cpu clock
[    0.000000] kvm-clock: Using msrs 4b564d01 and 4b564d00
[    0.000000] kvm-clock: using sched offset of 11229402406 cycles
[    0.000000] clocksource: kvm-clock: mask: 0xffffffffffffffff max_cycles: 0x1cd42e4dffb, max_idle_ns: 881590591483 ns
[    0.000000] Zone ranges:
[    0.000000]   DMA      [mem 0x0000000000001000-0x0000000000ffffff]
[    0.000000]   DMA32    [mem 0x0000000001000000-0x000000003ffeffff]
[    0.000000]   Normal   empty
[    0.000000]   Device   empty
[    0.000000] Movable zone start for each node
[    0.000000] Early memory node ranges
[    0.000000]   node   0: [mem 0x0000000000001000-0x000000000009efff]
[    0.000000]   node   0: [mem 0x0000000000100000-0x000000003ffeffff]
[    0.000000] Reserved but unavailable: 98 pages
[    0.000000] Initmem setup node 0 [mem 0x0000000000001000-0x000000003ffeffff]
[    0.000000] ACPI: PM-Timer IO Port: 0x4008
[    0.000000] IOAPIC[0]: apic_id 2, version 32, address 0xfec00000, GSI 0-23
[    0.000000] ACPI: INT_SRC_OVR (bus 0 bus_irq 0 global_irq 2 dfl dfl)
[    0.000000] ACPI: INT_SRC_OVR (bus 0 bus_irq 9 global_irq 9 low level)
[    0.000000] Using ACPI (MADT) for SMP configuration information
[    0.000000] smpboot: Allowing 2 CPUs, 0 hotplug CPUs
[    0.000000] PM: Registered nosave memory: [mem 0x00000000-0x00000fff]
[    0.000000] PM: Registered nosave memory: [mem 0x0009f000-0x0009ffff]
[    0.000000] PM: Registered nosave memory: [mem 0x000a0000-0x000effff]
[    0.000000] PM: Registered nosave memory: [mem 0x000f0000-0x000fffff]
[    0.000000] e820: [mem 0x40000000-0xfebfffff] available for PCI devices
[    0.000000] Booting paravirtualized kernel on KVM
[    0.000000] clocksource: refined-jiffies: mask: 0xffffffff max_cycles: 0xffffffff, max_idle_ns: 7645519600211568 ns
[    0.000000] random: get_random_bytes called from start_kernel+0x99/0x4fd with crng_init=0
[    0.000000] setup_percpu: NR_CPUS:8192 nr_cpumask_bits:2 nr_cpu_ids:2 nr_node_ids:1
[    0.000000] percpu: Embedded 45 pages/cpu s147456 r8192 d28672 u1048576
[    0.000000] PV qspinlock hash table entries: 256 (order: 0, 4096 bytes)
[    0.000000] Built 1 zonelists, mobility grouping on.  Total pages: 257913
[    0.000000] Policy zone: DMA32
[    0.000000] Kernel command line: BOOT_IMAGE=/boot/vmlinuz-4.15.0-88-generic root=LABEL=cloudimg-rootfs ro console=tty1 console=ttyS0
[    0.000000] Memory: 983068K/1048120K available (12300K kernel code, 2481K rwdata, 4264K rodata, 2428K init, 2712K bss, 65052K reserved, 0K cma-reserved)
[    0.000000] SLUB: HWalign=64, Order=0-3, MinObjects=0, CPUs=2, Nodes=1
[    0.000000] Kernel/User page tables isolation: enabled
[    0.000000] ftrace: allocating 39344 entries in 154 pages
[    0.004000] Hierarchical RCU implementation.
[    0.004000] 	RCU restricting CPUs from NR_CPUS=8192 to nr_cpu_ids=2.
[    0.004000] 	Tasks RCU enabled.
[    0.004000] RCU: Adjusting geometry for rcu_fanout_leaf=16, nr_cpu_ids=2
[    0.004000] NR_IRQS: 524544, nr_irqs: 440, preallocated irqs: 16
[    0.004000] Console: colour VGA+ 80x25
[    0.004000] console [tty1] enabled
[    0.004000] console [ttyS0] enabled
[    0.004000] ACPI: Core revision 20170831
[    0.004000] ACPI: 2 ACPI AML tables successfully acquired and loaded
[    0.004000] APIC: Switch to symmetric I/O mode setup
[    0.004436] x2apic enabled
[    0.007100] Switched APIC routing to physical x2apic.
[    0.012000] ..TIMER: vector=0x30 apic1=0 pin1=2 apic2=-1 pin2=-1
[    0.012008] tsc: Detected 1600.000 MHz processor
[    0.016018] Calibrating delay loop (skipped) preset value.. 3200.00 BogoMIPS (lpj=6400000)
[    0.020071] pid_max: default: 32768 minimum: 301
[    0.024156] Security Framework initialized
[    0.028009] Yama: becoming mindful.
[    0.032119] AppArmor: AppArmor initialized
[    0.038915] Dentry cache hash table entries: 131072 (order: 8, 1048576 bytes)
[    0.040086] Inode-cache hash table entries: 65536 (order: 7, 524288 bytes)
[    0.044125] Mount-cache hash table entries: 2048 (order: 2, 16384 bytes)
[    0.048028] Mountpoint-cache hash table entries: 2048 (order: 2, 16384 bytes)
[    0.052441] Last level iTLB entries: 4KB 64, 2MB 8, 4MB 8
[    0.056006] Last level dTLB entries: 4KB 64, 2MB 0, 4MB 0, 1GB 4
[    0.060008] Spectre V1 : Mitigation: usercopy/swapgs barriers and __user pointer sanitization
[    0.064007] Spectre V2 : Mitigation: Full generic retpoline
[    0.068005] Spectre V2 : Spectre v2 / SpectreRSB mitigation: Filling RSB on context switch
[    0.072007] Speculative Store Bypass: Vulnerable
[    0.074613] MDS: Mitigation: Clear CPU buffers
[    0.076184] Freeing SMP alternatives memory: 36K
[    0.192157] smpboot: CPU0: Intel(R) Core(TM) i5-5250U CPU @ 1.60GHz (family: 0x6, model: 0x3d, stepping: 0x4)
[    0.196106] Performance Events: unsupported p6 CPU model 61 no PMU driver, software events only.
[    0.200103] Hierarchical SRCU implementation.
[    0.208662] NMI watchdog: Perf event create on CPU 0 failed with -2
[    0.212010] NMI watchdog: Perf NMI watchdog permanently disabled
[    0.216097] smp: Bringing up secondary CPUs ...
[    0.220160] x86: Booting SMP configuration:
[    0.224008] .... node  #0, CPUs:      #1
[    0.004000] kvm-clock: cpu 1, msr 0:3ff44041, secondary cpu clock
[    0.236033] smp: Brought up 1 node, 2 CPUs
[    0.237645] smpboot: Max logical packages: 1
[    0.239583] smpboot: Total of 2 processors activated (6400.00 BogoMIPS)
[    0.240160] devtmpfs: initialized
[    0.244091] x86/mm: Memory block size: 128MB
[    0.247342] evm: security.selinux
[    0.248015] evm: security.SMACK64
[    0.252008] evm: security.SMACK64EXEC
[    0.256042] evm: security.SMACK64TRANSMUTE
[    0.260008] evm: security.SMACK64MMAP
[    0.264008] evm: security.apparmor
[    0.268008] evm: security.ima
[    0.272007] evm: security.capability
[    0.276150] clocksource: jiffies: mask: 0xffffffff max_cycles: 0xffffffff, max_idle_ns: 7645041785100000 ns
[    0.280019] futex hash table entries: 512 (order: 3, 32768 bytes)
[    0.285920] pinctrl core: initialized pinctrl subsystem
[    0.288160] RTC time: 15:23:02, date: 03/18/20
[    0.289826] NET: Registered protocol family 16
[    0.292100] audit: initializing netlink subsys (disabled)
[    0.293787] audit: type=2000 audit(1584544994.109:1): state=initialized audit_enabled=0 res=1
[    0.300014] cpuidle: using governor ladder
[    0.301764] cpuidle: using governor menu
[    0.303196] ACPI: bus type PCI registered
[    0.304008] acpiphp: ACPI Hot Plug PCI Controller Driver version: 0.5
[    0.306621] PCI: Using configuration type 1 for base access
[    0.312946] HugeTLB registered 2.00 MiB page size, pre-allocated 0 pages
[    0.316453] ACPI: Added _OSI(Module Device)
[    0.320030] ACPI: Added _OSI(Processor Device)
[    0.322994] ACPI: Added _OSI(3.0 _SCP Extensions)
[    0.324019] ACPI: Added _OSI(Processor Aggregator Device)
[    0.328012] ACPI: Added _OSI(Linux-Dell-Video)
[    0.332015] ACPI: Added _OSI(Linux-Lenovo-NV-HDMI-Audio)
[    0.336011] ACPI: Added _OSI(Linux-HPI-Hybrid-Graphics)
[    0.340578] ACPI: Executed 1 blocks of module-level executable AML code
[    0.350121] ACPI: Interpreter enabled
[    0.352026] ACPI: (supports S0 S5)
[    0.353925] ACPI: Using IOAPIC for interrupt routing
[    0.356291] PCI: Using host bridge windows from ACPI; if necessary, use "pci=nocrs" and report a bug
[    0.360319] ACPI: Enabled 2 GPEs in block 00 to 07
[    0.380411] ACPI: PCI Root Bridge [PCI0] (domain 0000 [bus 00-ff])
[    0.384024] acpi PNP0A03:00: _OSC: OS supports [ASPM ClockPM Segments MSI]
[    0.388676] acpi PNP0A03:00: _OSC: not requesting OS control; OS requires [ExtendedConfig ASPM ClockPM MSI]
[    0.392041] acpi PNP0A03:00: fail to add MMCONFIG information, can't access extended PCI configuration space under this bridge.
[    0.397330] PCI host bridge to bus 0000:00
[    0.400010] pci_bus 0000:00: root bus resource [io  0x0000-0x0cf7 window]
[    0.404008] pci_bus 0000:00: root bus resource [io  0x0d00-0xffff window]
[    0.408013] pci_bus 0000:00: root bus resource [mem 0x000a0000-0x000bffff window]
[    0.412011] pci_bus 0000:00: root bus resource [mem 0x40000000-0xfdffffff window]
[    0.416009] pci_bus 0000:00: root bus resource [bus 00-ff]
[    0.426757] pci 0000:00:01.1: legacy IDE quirk: reg 0x10: [io  0x01f0-0x01f7]
[    0.428414] pci 0000:00:01.1: legacy IDE quirk: reg 0x14: [io  0x03f6]
[    0.432021] pci 0000:00:01.1: legacy IDE quirk: reg 0x18: [io  0x0170-0x0177]
[    0.436013] pci 0000:00:01.1: legacy IDE quirk: reg 0x1c: [io  0x0376]
[    0.481939] pci 0000:00:07.0: quirk: [io  0x4000-0x403f] claimed by PIIX4 ACPI
[    0.484071] pci 0000:00:07.0: quirk: [io  0x4100-0x410f] claimed by PIIX4 SMB
[    0.510724] ACPI: PCI Interrupt Link [LNKA] (IRQs 5 9 10 *11)
[    0.512470] ACPI: PCI Interrupt Link [LNKB] (IRQs 5 9 *10 11)
[    0.516259] ACPI: PCI Interrupt Link [LNKC] (IRQs 5 *9 10 11)
[    0.520350] ACPI: PCI Interrupt Link [LNKD] (IRQs 5 9 10 *11)
[    0.524607] SCSI subsystem initialized
[    0.528280] pci 0000:00:02.0: vgaarb: setting as boot VGA device
[    0.531908] pci 0000:00:02.0: vgaarb: VGA device added: decodes=io+mem,owns=io+mem,locks=none
[    0.532016] pci 0000:00:02.0: vgaarb: bridge control possible
[    0.536009] vgaarb: loaded
[    0.540070] ACPI: bus type USB registered
[    0.544078] usbcore: registered new interface driver usbfs
[    0.548059] usbcore: registered new interface driver hub
[    0.552072] usbcore: registered new device driver usb
[    0.556291] EDAC MC: Ver: 3.0.0
[    0.560725] PCI: Using ACPI for IRQ routing
[    0.565085] NetLabel: Initializing
[    0.566704] NetLabel:  domain hash size = 128
[    0.568005] NetLabel:  protocols = UNLABELED CIPSOv4 CALIPSO
[    0.572028] NetLabel:  unlabeled traffic allowed by default
[    0.574497] clocksource: Switched to clocksource kvm-clock
[    0.605860] VFS: Disk quotas dquot_6.6.0
[    0.615260] VFS: Dquot-cache hash table entries: 512 (order 0, 4096 bytes)
[    0.618598] AppArmor: AppArmor Filesystem Enabled
[    0.620493] pnp: PnP ACPI init
[    0.623525] pnp: PnP ACPI: found 3 devices
[    0.637826] clocksource: acpi_pm: mask: 0xffffff max_cycles: 0xffffff, max_idle_ns: 2085701024 ns
[    0.642555] NET: Registered protocol family 2
[    0.646447] TCP established hash table entries: 8192 (order: 4, 65536 bytes)
[    0.658217] TCP bind hash table entries: 8192 (order: 5, 131072 bytes)
[    0.669551] TCP: Hash tables configured (established 8192 bind 8192)
[    0.674856] UDP hash table entries: 512 (order: 2, 16384 bytes)
[    0.681988] UDP-Lite hash table entries: 512 (order: 2, 16384 bytes)
[    0.685169] NET: Registered protocol family 1
[    0.686848] pci 0000:00:00.0: Limiting direct PCI/PCI transfers
[    0.689029] pci 0000:00:01.0: Activating ISA DMA hang workarounds
[    0.691509] pci 0000:00:02.0: Video device with shadowed ROM at [mem 0x000c0000-0x000dffff]
[    0.697065] Unpacking initramfs...
[    1.470218] Freeing initrd memory: 19204K
[    1.473238] clocksource: tsc: mask: 0xffffffffffffffff max_cycles: 0x171024fa93b, max_idle_ns: 440795253189 ns
[    1.482004] platform rtc_cmos: registered platform RTC device (no PNP device found)
[    1.496209] Scanning for low memory corruption every 60 seconds
[    1.500956] Initialise system trusted keyrings
[    1.502957] Key type blacklist registered
[    1.505536] workingset: timestamp_bits=36 max_order=18 bucket_order=0
[    1.511898] zbud: loaded
[    1.514897] squashfs: version 4.0 (2009/01/31) Phillip Lougher
[    1.522433] fuse init (API version 7.26)
[    1.537695] Key type asymmetric registered
[    1.539985] Asymmetric key parser 'x509' registered
[    1.543501] Block layer SCSI generic (bsg) driver version 0.4 loaded (major 246)
[    1.550556] io scheduler noop registered
[    1.552603] io scheduler deadline registered
[    1.554823] io scheduler cfq registered (default)
[    1.557581] ACPI: AC Adapter [AC] (off-line)
[    1.559732] input: Power Button as /devices/LNXSYSTM:00/LNXPWRBN:00/input/input0
[    1.564467] ACPI: Power Button [PWRF]
[    1.569832] input: Sleep Button as /devices/LNXSYSTM:00/LNXSLPBN:00/input/input1
[    1.575701] ACPI: Sleep Button [SLPF]
[    1.580945] Serial: 8250/16550 driver, 32 ports, IRQ sharing enabled
[    1.583581] ACPI: Battery Slot [BAT0] (battery present)
[    1.621716] 00:02: ttyS0 at I/O 0x3f8 (irq = 4, base_baud = 115200) is a 16550A
[    1.629856] Linux agpgart interface v0.103
[    1.633389] loop: module loaded
[    1.636395] scsi host0: ata_piix
[    1.638907] scsi host1: ata_piix
[    1.641221] ata1: PATA max UDMA/33 cmd 0x1f0 ctl 0x3f6 bmdma 0xd000 irq 14
[    1.645433] ata2: PATA max UDMA/33 cmd 0x170 ctl 0x376 bmdma 0xd008 irq 15
[    1.651797] libphy: Fixed MDIO Bus: probed
[    1.660123] tun: Universal TUN/TAP device driver, 1.6
[    1.665879] PPP generic driver version 2.4.2
[    1.671413] ehci_hcd: USB 2.0 'Enhanced' Host Controller (EHCI) Driver
[    1.676218] ehci-pci: EHCI PCI platform driver
[    1.678364] ehci-platform: EHCI generic platform driver
[    1.684640] ohci_hcd: USB 1.1 'Open' Host Controller (OHCI) Driver
[    1.687541] ohci-pci: OHCI PCI platform driver
[    1.689517] ohci-platform: OHCI generic platform driver
[    1.691790] uhci_hcd: USB Universal Host Controller Interface driver
[    1.694843] i8042: PNP: PS/2 Controller [PNP0303:PS2K,PNP0f03:PS2M] at 0x60,0x64 irq 1,12
[    1.700947] serio: i8042 KBD port at 0x60,0x64 irq 1
[    1.703322] serio: i8042 AUX port at 0x60,0x64 irq 12
[    1.706085] mousedev: PS/2 mouse device common for all mice
[    1.709536] input: AT Translated Set 2 keyboard as /devices/platform/i8042/serio0/input/input2
[    1.712188] rtc_cmos rtc_cmos: rtc core: registered rtc_cmos as rtc0
[    1.720204] rtc_cmos rtc_cmos: alarms up to one day, 114 bytes nvram
[    1.724116] i2c /dev entries driver
[    1.727156] device-mapper: uevent: version 1.0.3
[    1.730651] device-mapper: ioctl: 4.37.0-ioctl (2017-09-20) initialised: dm-devel@redhat.com
[    1.738247] ledtrig-cpu: registered to indicate activity on CPUs
[    1.746376] NET: Registered protocol family 10
[    1.761119] Segment Routing with IPv6
[    1.763077] NET: Registered protocol family 17
[    1.765096] Key type dns_resolver registered
[    1.767225] mce: Using 0 MCE banks
[    1.769311] RAS: Correctable Errors collector initialized.
[    1.771593] sched_clock: Marking stable (1769189040, 0)->(3222698157, -1453509117)
[    2.502698] registered taskstats version 1
[    2.506791] Loading compiled-in X.509 certificates
[    2.526242] Loaded X.509 cert 'Build time autogenerated kernel key: f0020782f0d3a548186fb3f47aed88387a71e859'
[    2.550081] zswap: loaded using pool lzo/zbud
[    2.631778] Key type big_key registered
[    2.637333] Key type trusted registered
[    2.662810] Key type encrypted registered
[    2.674377] AppArmor: AppArmor sha1 policy hashing enabled
[    2.683665] ima: No TPM chip found, activating TPM-bypass! (rc=-19)
[    2.691097] ima: Allocated hash algorithm: sha1
[    2.706085] evm: HMAC attrs: 0x1
[    2.718860]   Magic number: 12:746:386
[    2.736685] thermal cooling_device1: hash matches
[    2.743311] rtc_cmos rtc_cmos: setting system clock to 2020-03-18 15:23:05 UTC (1584544985)
[    2.759350] BIOS EDD facility v0.16 2004-Jun-25, 0 devices found
[    2.775233] EDD information not available.
[    2.949834] Freeing unused kernel image memory: 2428K
[    3.000206] Write protecting the kernel read-only data: 20480k
[    3.042391] Freeing unused kernel image memory: 2008K
[    3.101956] Freeing unused kernel image memory: 1880K
[    3.215684] x86/mm: Checked W+X mappings: passed, no W+X pages found.
[    3.224117] x86/mm: Checking user space page tables
[    3.309802] x86/mm: Checked W+X mappings: passed, no W+X pages found.
Loading, please wait...
starting version 237
[    3.708813] Fusion MPT base driver 3.04.20
[    3.719229] Copyright (c) 1999-2008 LSI Corporation
[    3.734574] e1000: Intel(R) PRO/1000 Network Driver - version 7.3.21-k8-NAPI
[    3.782559] e1000: Copyright (c) 1999-2006 Intel Corporation.
[    3.923723] Fusion MPT SPI Host driver 3.04.20
[    3.951122] AVX2 version of gcm_enc/dec engaged.
[    3.956506] AES CTR mode by8 optimization enabled
[    4.079953] input: ImExPS/2 Generic Explorer Mouse as /devices/platform/i8042/serio1/input/input4
[    5.515296] e1000 0000:00:03.0 eth0: (PCI:33MHz:32-bit) 02:63:41:f1:0e:ed
[    5.519952] e1000 0000:00:03.0 eth0: Intel(R) PRO/1000 Network Connection
[    5.526106] e1000 0000:00:03.0 enp0s3: renamed from eth0
[    5.531188] mptbase: ioc0: Initiating bringup
[    6.471664] ioc0: LSI53C1030 A0: Capabilities={Initiator}
[    9.478554] scsi host2: ioc0: LSI53C1030 A0, FwRev=00000000h, Ports=1, MaxQ=256, IRQ=20
[   11.928521] scsi 2:0:0:0: Direct-Access     VBOX     HARDDISK         1.0  PQ: 0 ANSI: 5
[   11.964100] scsi target2:0:0: Beginning Domain Validation
[   11.969285] scsi target2:0:0: Domain Validation skipping write tests
[   11.971991] scsi target2:0:0: Ending Domain Validation
[   11.979743] scsi target2:0:0: asynchronous
[   11.987088] scsi 2:0:1:0: Direct-Access     VBOX     HARDDISK         1.0  PQ: 0 ANSI: 5
[   12.024150] scsi target2:0:1: Beginning Domain Validation
[   12.031328] random: fast init done
[   12.035909] scsi target2:0:1: Domain Validation skipping write tests
[   12.039209] scsi target2:0:1: Ending Domain Validation
[   12.041303] scsi target2:0:1: asynchronous
[   12.052675] sd 2:0:0:0: Attached scsi generic sg0 type 0
[   12.052700] random: systemd-udevd: uninitialized urandom read (16 bytes read)
[   12.055596] sd 2:0:1:0: Attached scsi generic sg1 type 0
[   12.058144] random: systemd-udevd: uninitialized urandom read (16 bytes read)
[   12.064142] random: systemd-udevd: uninitialized urandom read (16 bytes read)
[   12.066831] sd 2:0:0:0: [sda] 20971520 512-byte logical blocks: (10.7 GB/10.0 GiB)
[   12.070427] sd 2:0:1:0: [sdb] 20480 512-byte logical blocks: (10.5 MB/10.0 MiB)
[   12.070505] sd 2:0:0:0: [sda] Write Protect is off
[   12.075155] sd 2:0:1:0: [sdb] Write Protect is off
[   12.079956] sd 2:0:0:0: [sda] Incomplete mode parameter data
[   12.082071] sd 2:0:0:0: [sda] Assuming drive cache: write through
[   12.082138] sd 2:0:1:0: [sdb] Incomplete mode parameter data
[   12.088723] sd 2:0:1:0: [sdb] Assuming drive cache: write through
[   12.095813]  sda: sda1
[   12.098019] sd 2:0:0:0: [sda] Attached SCSI disk
[   12.102036] sd 2:0:1:0: [sdb] Attached SCSI disk
Begin: Loading essential drivers ... [   15.232143] raid6: sse2x1   gen()  1961 MB/s
[   15.341677] raid6: sse2x1   xor()   791 MB/s
[   15.408074] raid6: sse2x2   gen()  4233 MB/s
[   15.457614] raid6: sse2x2   xor()  2992 MB/s
[   15.588673] raid6: sse2x4   gen()  1003 MB/s
[   15.653562] raid6: sse2x4   xor()   374 MB/s
[   15.708229] raid6: avx2x1   gen()  6726 MB/s
[   15.756397] raid6: avx2x1   xor()  5431 MB/s
[   15.812138] raid6: avx2x2   gen()  7531 MB/s
[   15.864225] raid6: avx2x2   xor()  7945 MB/s
[   15.912101] raid6: avx2x4   gen() 11288 MB/s
[   15.960365] raid6: avx2x4   xor()  9368 MB/s
[   15.964151] raid6: using algorithm avx2x4 gen() 11288 MB/s
[   15.966848] raid6: .... xor() 9368 MB/s, rmw enabled
[   15.970059] raid6: using avx2x2 recovery algorithm
[   15.974767] xor: automatically using best checksumming function   avx       
[   15.981055] async_tx: api initialized (async)
done.
Begin: Running /scripts/init-premount ... done.
Begin: Mounting root file system ... Begin: Running /scripts/local-top ... done.
Begin: Running /scripts/local-premount ... [   16.083004] Btrfs loaded, crc32c=crc32c-intel
Scanning for Btrfs filesystems
done.
Warning: fsck not present, so skipping root file system
[   16.179760] EXT4-fs (sda1): mounted filesystem with ordered data mode. Opts: (null)
done.
Begin: Running /scripts/local-bottom ... done.
Begin: Running /scripts/init-bottom ... done.
[   16.931331] ip_tables: (C) 2000-2006 Netfilter Core Team
[   16.974209] systemd[1]: systemd 237 running in system mode. (+PAM +AUDIT +SELINUX +IMA +APPARMOR +SMACK +SYSVINIT +UTMP +LIBCRYPTSETUP +GCRYPT +GNUTLS +ACL +XZ +LZ4 +SECCOMP +BLKID +ELFUTILS +KMOD -IDN2 +IDN -PCRE2 default-hierarchy=hybrid)
[   16.998066] systemd[1]: Detected virtualization oracle.
[   17.001558] systemd[1]: Detected architecture x86-64.

Welcome to [1mUbuntu 18.04.4 LTS[0m!

[   17.016889] systemd[1]: Set hostname to <ubuntu>.
[   17.030903] systemd[1]: Initializing machine ID from random generator.
[   17.034836] systemd[1]: Installed transient /etc/machine-id file.
[   17.938245] systemd[1]: Started Forward Password Requests to Wall Directory Watch.
[[0;32m  OK  [0m] Started Forward Password Requests to Wall Directory Watch.
[   17.974971] systemd[1]: Created slice User and Session Slice.
[[0;32m  OK  [0m] Created slice User and Session Slice.
[   18.003690] systemd[1]: Reached target User and Group Name Lookups.
[[0;32m  OK  [0m] Reached target User and Group Name Lookups.
[   18.021592] systemd[1]: Set up automount Arbitrary Executable File Formats File System Automount Point.
[[0;32m  OK  [0m] Set up automount Arbitrary Executab…rmats File System Automount Point.
[[0;32m  OK  [0m] Created slice System Slice.
[[0;32m  OK  [0m] Listening on Device-mapper event daemon FIFOs.
[[0;32m  OK  [0m] Listening on Journal Socket.
         Mounting Kernel Debug File System...
[[0;32m  OK  [0m] Listening on Journal Socket (/dev/log).
         Starting Load Kernel Modules...
[[0;32m  OK  [0m] Listening on /dev/initctl Compatibility Named Pipe.
[[0;32m  OK  [0m] Listening on Syslog Socket.
         Starting Create list of required st…ce nodes for the current kernel...
[   18.143422] Loading iSCSI transport class v2.0-870.
[[0;32m  OK  [0m] Created slice system-serial\x2dgetty.slice.
[[0;32m  OK  [0m] Listening on udev Control Socket.
[[0;32m  OK  [0m] Listening on LVM2 poll daemon socket.
[   18.175483] iscsi: registered transport (tcp)
[[0;32m  OK  [0m] Listening on Journal Audit Socket.
         Starting Journal Service...
         Starting Remount Root and Kernel File Systems...
[[0;32m  OK  [0m] Listening on udev Kernel Socket.
         Starting udev Coldplug all Devices...
[[0;32m  OK  [0m] Listening on Network Service Netlink Socket.
[[0;32m  OK  [0m] Listening on LVM2 metadata daemon socket.
         Starting Monitoring of LVM2 mirrors…ng dmeventd or progress polling...
[   18.281239] EXT4-fs (sda1): re-mounted. Opts: (null)
         Starting Set the console keyboard layout...
         Starting Uncomplicated firewall...
[[0;32m  OK  [0m] Reached target System Time Synchronized.
[[0;32m  OK  [0m] Reached target Slices.
[[0;32m  OK  [0m] Reached target Swap.
         Mounting Huge Pages File System...
         Mounting POSIX Message Queue File System...
[[0;32m  OK  [0m] Mounted Kernel Debug File System.
[[0;32m  OK  [0m] Started Create list of required sta…vice nodes for the current kernel.
[[0;32m  OK  [0m] Started Remount Root and Kernel File Systems.
[[0;32m  OK  [0m] Started Uncomplicated firewall.
[[0;32m  OK  [0m] Mounted Huge Pages File System.
[[0;32m  OK  [0m] Mounted POSIX Message Queue File System.
         Starting Load/Save Random Seed...
         Starting Create Static Device Nodes in /dev...
[[0;32m  OK  [0m] Started LVM2 metadata daemon.
[[0;32m  OK  [0m] Started Load/Save Random Seed.
[   18.575324] iscsi: registered transport (iser)
[[0;32m  OK  [0m] Started Load Kernel Modules.
         Mounting Kernel Configuration File System...
         Starting Apply Kernel Variables...
         Mounting FUSE Control File System...
[[0;32m  OK  [0m] Mounted Kernel Configuration File System.
[[0;32m  OK  [0m] Started udev Coldplug all Devices.
[[0;32m  OK  [0m] Mounted FUSE Control File System.
[   18.669113] random: crng init done
[   18.674715] random: 7 urandom warning(s) missed due to ratelimiting
[[0;32m  OK  [0m] Started Journal Service.
         Starting Flush Journal to Persistent Storage...
[[0;32m  OK  [0m] Started Create Static Device Nodes in /dev.
         Starting udev Kernel Device Manager...
[   18.819874] systemd-journald[388]: Received request to flush runtime journal from PID 1
[[0;32m  OK  [0m] Started Set the console keyboard layout.
[[0;32m  OK  [0m] Started Apply Kernel Variables.
[[0;32m  OK  [0m] Started Monitoring of LVM2 mirrors,…sing dmeventd or progress polling.
[[0;32m  OK  [0m] Reached target Local File Systems (Pre).
[[0;32m  OK  [0m] Reached target Local File Systems.
         Starting Tell Plymouth To Write Out Runtime Data...
         Starting Commit a transient machine-id on disk...
         Starting ebtables ruleset management...
         Starting AppArmor initialization...
         Starting Set console font and keymap...
[[0;32m  OK  [0m] Started Flush Journal to Persistent Storage.
         Starting Create Volatile Files and Directories...
[[0;32m  OK  [0m] Started udev Kernel Device Manager.
[[0;32m  OK  [0m] Started Dispatch Password Requests to Console Directory Watch.
[[0;32m  OK  [0m] Reached target Local Encrypted Volumes.
[[0;32m  OK  [0m] Started Tell Plymouth To Write Out Runtime Data.
[[0;32m  OK  [0m] Started Set console font and keymap.
[[0;32m  OK  [0m] Started Create Volatile Files and Directories.
         Starting Update UTMP about System Boot/Shutdown...
[[0;32m  OK  [0m] Started Commit a transient machine-id on disk.
[[0;32m  OK  [0m] Started Update UTMP about System Boot/Shutdown.
[[0;32m  OK  [0m] Started ebtables ruleset management.
[[0;32m  OK  [0m] Found device /dev/ttyS0.
[[0;32m  OK  [0m] Listening on Load/Save RF Kill Switch Status /dev/rfkill Watch.
[[0;32m  OK  [0m] Started AppArmor initialization.
         Starting Initial cloud-init job (pre-networking)...
[   28.992895] cloud-init[541]: Cloud-init v. 19.4-33-gbb4131a2-0ubuntu1~18.04.1 running 'init-local' at Wed, 18 Mar 2020 15:23:30 +0000. Up 27.94 seconds.
[[0;32m  OK  [0m] Started Initial cloud-init job (pre-networking).
[[0;32m  OK  [0m] Reached target Network (Pre).
         Starting Network Service...
[[0;32m  OK  [0m] Started Network Service.
         Starting Network Name Resolution...
         Starting Wait for Network to be Configured...
[[0;32m  OK  [0m] Started Network Name Resolution.
[[0;32m  OK  [0m] Reached target Host and Network Name Lookups.
[[0;32m  OK  [0m] Reached target Network.
[[0;32m  OK  [0m] Started Wait for Network to be Configured.
         Starting Initial cloud-init job (metadata service crawler)...
[   32.408906] cloud-init[649]: Cloud-init v. 19.4-33-gbb4131a2-0ubuntu1~18.04.1 running 'init' at Wed, 18 Mar 2020 15:23:34 +0000. Up 31.93 seconds.
[   32.424699] cloud-init[649]: ci-info: +++++++++++++++++++++++++++++++++++++Net device info++++++++++++++++++++++++++++++++++++++
[   32.436867] cloud-init[649]: ci-info: +--------+------+---------------------------+---------------+--------+-------------------+
[   32.440861] cloud-init[649]: ci-info: | Device |  Up  |          Address          |      Mask     | Scope  |     Hw-Address    |
[   32.446008] cloud-init[649]: ci-info: +--------+------+---------------------------+---------------+--------+-------------------+
[   32.450698] cloud-init[649]: ci-info: | enp0s3 | True |         10.0.2.15         | 255.255.255.0 | global | 02:63:41:f1:0e:ed |
[   32.469452] cloud-init[649]: ci-info: | enp0s3 | True | fe80::63:41ff:fef1:eed/64 |       .       |  link  | 02:63:41:f1:0e:ed |
[   32.474658] cloud-init[649]: ci-info: |   lo   | True |         127.0.0.1         |   255.0.0.0   |  host  |         .         |
[   32.478373] cloud-init[649]: ci-info: |   lo   | True |          ::1/128          |       .       |  host  |         .         |
[   32.484109] cloud-init[649]: ci-info: +--------+------+---------------------------+---------------+--------+-------------------+
[   32.487664] cloud-init[649]: ci-info: ++++++++++++++++++++++++++++Route IPv4 info+++++++++++++++++++++++++++++
[   32.491474] cloud-init[649]: ci-info: +-------+-------------+----------+-----------------+-----------+-------+
[   32.496459] cloud-init[649]: ci-info: | Route | Destination | Gateway  |     Genmask     | Interface | Flags |
[   32.500442] cloud-init[649]: ci-info: +-------+-------------+----------+-----------------+-----------+-------+
[   32.504096] cloud-init[649]: ci-info: |   0   |   0.0.0.0   | 10.0.2.2 |     0.0.0.0     |   enp0s3  |   UG  |
[   32.508552] cloud-init[649]: ci-info: |   1   |   10.0.2.0  | 0.0.0.0  |  255.255.255.0  |   enp0s3  |   U   |
[   32.512325] cloud-init[649]: ci-info: |   2   |   10.0.2.2  | 0.0.0.0  | 255.255.255.255 |   enp0s3  |   UH  |
[   32.524848] cloud-init[649]: ci-info: +-------+-------------+----------+-----------------+-----------+-------+
[   32.528044] cloud-init[649]: ci-info: +++++++++++++++++++Route IPv6 info+++++++++++++++++++
[   32.532329] cloud-init[649]: ci-info: +-------+-------------+---------+-----------+-------+
[   32.536058] cloud-init[649]: ci-info: | Route | Destination | Gateway | Interface | Flags |
[   32.548609] cloud-init[649]: ci-info: +-------+-------------+---------+-----------+-------+
[   32.560289] cloud-init[649]: ci-info: |   1   |  fe80::/64  |    ::   |   enp0s3  |   U   |
[   32.564450] cloud-init[649]: ci-info: |   3   |    local    |    ::   |   enp0s3  |   U   |
[   32.567623] cloud-init[649]: ci-info: |   4   |   ff00::/8  |    ::   |   enp0s3  |   U   |
[   32.573760] cloud-init[649]: ci-info: +-------+-------------+---------+-----------+-------+
[   34.525030] cloud-init[649]: Generating public/private rsa key pair.
[   34.540923] cloud-init[649]: Your identification has been saved in /etc/ssh/ssh_host_rsa_key.
[   34.545296] cloud-init[649]: Your public key has been saved in /etc/ssh/ssh_host_rsa_key.pub.
[   34.561052] cloud-init[649]: The key fingerprint is:
[   34.568254] cloud-init[649]: SHA256:sEGrC2gyTHv8wWuSzKXq4gH6fAd6uz/cd3RD+tgoU7c root@ubuntu-bionic
[   34.575581] cloud-init[649]: The key's randomart image is:
[   34.579438] cloud-init[649]: +---[RSA 2048]----+
[   34.582305] cloud-init[649]: |      .          |
[   34.584454] cloud-init[649]: |     . .         |
[   34.586371] cloud-init[649]: | .    +          |
[   34.588939] cloud-init[649]: |o.o .. +      .  |
[   34.590959] cloud-init[649]: |=+.o.+. S    o   |
[   34.593192] cloud-init[649]: |=.+.*.o     + +  |
[   34.595302] cloud-init[649]: |.. B.* .   o B o |
[   34.599644] cloud-init[649]: |.o+ = + . + + E  |
[   34.620693] cloud-init[649]: |++ooo=.. . +     |
[   34.639086] cloud-init[649]: +----[SHA256]-----+
[   34.657440] cloud-init[649]: Generating public/private dsa key pair.
[   34.686526] cloud-init[649]: Your identification has been saved in /etc/ssh/ssh_host_dsa_key.
[   34.708558] cloud-init[649]: Your public key has been saved in /etc/ssh/ssh_host_dsa_key.pub.
[   34.729756] cloud-init[649]: The key fingerprint is:
[   34.733059] cloud-init[649]: SHA256:jPlFxXqAlqFm8GLSxvQzAGZQLH9kUq5WfICx2MZwAGM root@ubuntu-bionic
[   34.741592] cloud-init[649]: The key's randomart image is:
[   34.751814] cloud-init[649]: +---[DSA 1024]----+
[   34.758000] cloud-init[649]: |BEB=*   .+ ..    |
[   34.761572] cloud-init[649]: |oX+Bo* .+ ...    |
[   34.763173] cloud-init[649]: |.o*+X X.  .o     |
[   34.791292] cloud-init[649]: | ..*.= * .. .    |
[   34.818418] cloud-init[649]: |  o.  o S ..     |
[   34.821749] cloud-init[649]: | .     . .       |
[   34.825835] cloud-init[649]: |        .        |
[   34.828080] cloud-init[649]: |                 |
[   34.830613] cloud-init[649]: |                 |
[   34.833934] cloud-init[649]: +----[SHA256]-----+
[   34.838123] cloud-init[649]: Generating public/private ecdsa key pair.
[   34.851184] cloud-init[649]: Your identification has been saved in /etc/ssh/ssh_host_ecdsa_key.
[   34.859839] cloud-init[649]: Your public key has been saved in /etc/ssh/ssh_host_ecdsa_key.pub.
[   34.877858] cloud-init[649]: The key fingerprint is:
[   34.892865] cloud-init[649]: SHA256:AqUcpT1aU8B/LyIiRv4whCyvssjnwh+9tjtZ6g4A878 root@ubuntu-bionic
[   34.898778] cloud-init[649]: The key's randomart image is:
[   34.907751] cloud-init[649]: +---[ECDSA 256]---+
[   34.910453] cloud-init[649]: |    .o+..        |
[   34.918347] cloud-init[649]: |   . *..         |
[   34.934543] cloud-init[649]: |+.  = =.         |
[   34.941070] cloud-init[649]: |++o  + o. .      |
[   34.947243] cloud-init[649]: |.*. . . S. .     |
[   34.952056] cloud-init[649]: |  O.o .o. . .    |
[   34.956149] cloud-init[649]: |.o B.o+. . .     |
[   34.965793] cloud-init[649]: |=o .+*.          |
[   34.973275] cloud-init[649]: |+o=oE*+          |
[   34.986581] cloud-init[649]: +----[SHA256]-----+
[   34.996807] cloud-init[649]: Generating public/private ed25519 key pair.
[   35.004038] cloud-init[649]: Your identification has been saved in /etc/ssh/ssh_host_ed25519_key.
[   35.015081] cloud-init[649]: Your public key has been saved in /etc/ssh/ssh_host_ed25519_key.pub.
[   35.022423] cloud-init[649]: The key fingerprint is:
[   35.037732] cloud-init[649]: SHA256:bXcxK56O18Q5KlP4CiA9EVFQ5OUBCwK2TVhlno48mes root@ubuntu-bionic
[   35.042492] cloud-init[649]: The key's randomart image is:
[   35.056765] cloud-init[649]: +--[ED25519 256]--+
[   35.073153] cloud-init[649]: |  o++.B*=.o      |
[   35.075509] cloud-init[649]: | ..+ + = + .     |
[   35.077551] cloud-init[649]: |  . . + o .   o  |
[   35.089367] cloud-init[649]: |   . * . .     + |
[   35.091651] cloud-init[649]: |    B = S o.o.o. |
[   35.099304] cloud-init[649]: |     + o ..o.+=  |
[   35.100540] cloud-init[649]: |    .   .  oo+ . |
[[0;32m  OK  [0m] Started Initial cloud-init job (metadata service crawler).
[   35.112681] cloud-init[649]: |   .     .oo+ .  |
[[0;32m  OK  [0m] [   35.116757] Reached target System Initialization.cloud-init
[649]: |    E     o=.    |
[[0;32m  OK  [0m] Listening on D-Bus System Message Bus Socket.
[   35.119356] cloud-init[649]: +----[SHA256]-----+
[[0;32m  OK  [0m] Started Daily apt download activities.
[[0;32m  OK  [0m] Started Discard unused blocks once a week.
[[0;32m  OK  [0m] Started ACPI Events Check.
[[0;32m  OK  [0m] Listening on ACPID Listen Socket.
[[0;32m  OK  [0m] Listening on UUID daemon activation socket.
         Starting LXD - unix socket.
[[0;32m  OK  [0m] Listening on Open-iSCSI iscsid Socket.
         Starting Socket activation for snappy daemon.
[[0;32m  OK  [0m] Started Message of the Day.
[[0;32m  OK  [0m] Started Daily Cleanup of Temporary Directories.
[[0;32m  OK  [0m] Started Daily apt upgrade and clean activities.
[[0;32m  OK  [0m] Reached target Timers.
[[0;32m  OK  [0m] Reached target Paths.
[[0;32m  OK  [0m] Reached target Cloud-config availability.
[[0;32m  OK  [0m] Reached target Network is Online.
[[0;32m  OK  [0m] Reached target Remote File Systems (Pre).
[[0;32m  OK  [0m] Reached target Remote File Systems.
         Starting Availability of block devices...
[[0;32m  OK  [0m] Listening on LXD - unix socket.
[[0;32m  OK  [0m] Listening on Socket activation for snappy daemon.
[[0;32m  OK  [0m] Reached target Sockets.
[[0;32m  OK  [0m] Reached target Basic System.
         Starting LSB: Record successful boot for GRUB...
         Starting LSB: automatic crash report generation...
         Starting Virtualbox guest utils...
[[0;32m  OK  [0m] Started FUSE filesystem for LXC.
         Starting Accounts Service...
         Starting Dispatcher daemon for systemd-networkd...
         Starting Permit User Sessions...
         Starting Pollinate to seed the pseudo random number generator...
[[0;32m  OK  [0m] Started Regular background program processing daemon.
[[0;32m  OK  [0m] Started Deferred execution scheduler.
         Starting Snappy daemon...
         Starting Login Service...
[[0;32m  OK  [0m] Started D-Bus System Message Bus.
[[0;32m  OK  [0m] Started irqbalance daemon.
         Starting System Logging Service...
         Starting LXD - container startup/shutdown...
[[0;32m  OK  [0m] Started Availability of block devices.
[[0;32m  OK  [0m] Started Permit User Sessions.
[[0;32m  OK  [0m] Started Login Service.
[[0;32m  OK  [0m] Started Unattended Upgrades Shutdown.
         Starting Terminate Plymouth Boot Screen...
         Starting Hold until boot process finishes up...
[[0;32m  OK  [0m] Started Terminate Plymouth Boot Screen.
[[0;32m  OK  [0m] Started Hold until boot process finishes up.
[[0;32m  OK  [0m] Started Serial Getty on ttyS0.
         Starting Set console scheme...
         Starting Authorization Manager...
[[0;32m  OK  [0m] Started Set console scheme.
[[0;32m  OK  [0m] Started LSB: Record successful boot for GRUB.
[[0;32m  OK  [0m] Started LSB: automatic crash report generation.
[[0;32m  OK  [0m] Created slice system-getty.slice.
[[0;32m  OK  [0m] Started Getty on tty1.
[[0;32m  OK  [0m] Reached target Login Prompts.
[[0;32m  OK  [0m] Started System Logging Service.
[[0;32m  OK  [0m] Started Authorization Manager.
[[0;32m  OK  [0m] Started Accounts Service.
[[0;32m  OK  [0m] Started Virtualbox guest utils.
[[0;32m  OK  [0m] Started LXD - container startup/shutdown.
[[0;32m  OK  [0m] Started Dispatcher daemon for systemd-networkd.
[[0;32m  OK  [0m] Started Pollinate to seed the pseudo random number generator.
         Starting OpenBSD Secure Shell server...
[[0;32m  OK  [0m] Started Snappy daemon.
         Starting Wait until snapd is fully seeded...
[[0;32m  OK  [0m] Started OpenBSD Secure Shell server.
[[0;32m  OK  [0m] Created slice User Slice of vagrant.
         Starting User Manager for UID 1000...
[[0;32m  OK  [0m] Started Session 1 of user vagrant.
[[0;32m  OK  [0m] Started User Manager for UID 1000.
[[0;32m  OK  [0m] Started Wait until snapd is fully seeded.
         Starting Apply the settings specified in cloud-config...
[[0;32m  OK  [0m] Reached target Multi-User System.
[[0;32m  OK  [0m] Reached target Graphical Interface.
         Starting Update UTMP about System Runlevel Changes...
[[0;32m  OK  [0m] Started Update UTMP about System Runlevel Changes.

Ubuntu 18.04.4 LTS ubuntu-bionic ttyS0

ubuntu-bionic login: [   44.736431] cloud-init[1088]: Cloud-init v. 19.4-33-gbb4131a2-0ubuntu1~18.04.1 running 'modules:config' at Wed, 18 Mar 2020 15:23:44 +0000. Up 42.23 seconds.
ci-info: no authorized SSH keys fingerprints found for user ubuntu.
<14>Mar 18 15:23:51 ec2: 
<14>Mar 18 15:23:51 ec2: #############################################################
<14>Mar 18 15:23:51 ec2: -----BEGIN SSH HOST KEY FINGERPRINTS-----
<14>Mar 18 15:23:51 ec2: 1024 SHA256:jPlFxXqAlqFm8GLSxvQzAGZQLH9kUq5WfICx2MZwAGM root@ubuntu-bionic (DSA)
<14>Mar 18 15:23:51 ec2: 256 SHA256:AqUcpT1aU8B/LyIiRv4whCyvssjnwh+9tjtZ6g4A878 root@ubuntu-bionic (ECDSA)
<14>Mar 18 15:23:51 ec2: 256 SHA256:bXcxK56O18Q5KlP4CiA9EVFQ5OUBCwK2TVhlno48mes root@ubuntu-bionic (ED25519)
<14>Mar 18 15:23:51 ec2: 2048 SHA256:sEGrC2gyTHv8wWuSzKXq4gH6fAd6uz/cd3RD+tgoU7c root@ubuntu-bionic (RSA)
<14>Mar 18 15:23:51 ec2: -----END SSH HOST KEY FINGERPRINTS-----
<14>Mar 18 15:23:51 ec2: #############################################################
-----BEGIN SSH HOST KEY KEYS-----
ecdsa-sha2-nistp256 AAAAE2VjZHNhLXNoYTItbmlzdHAyNTYAAAAIbmlzdHAyNTYAAABBBHYC7pTFkDrMGh0DZo/Z2JXZ+LQdrFyu/mVBBWgdqMubRi6tuPOGxZ1xOi8pGZI5O2vMIrBTpa8Qlj2DuFwR6QA= root@ubuntu-bionic
ssh-ed25519 AAAAC3NzaC1lZDI1NTE5AAAAIAGwbrVMauFJuf9Q5jvcbhTTf357exVsTdIh5rCBWbsh root@ubuntu-bionic
ssh-rsa AAAAB3NzaC1yc2EAAAADAQABAAABAQC6x7en90QDqyrdzaPbxVkD4hrJoZBN8I4dugQeKBjLibs7xlnicR7ssJ+pQSqwt7AI9WVnkoif3sB4gmGDEIc2k1Vi4ib3yWJwWZiLOaFY3jsMvcaFHNE/JLxh3oZbY1at9dmc4hkpKfapOR7hSW8oiSpKvCT1Rfp+AXD3mDKeoobsMfxv8QCzMgZNuwY9JY3MxB7RPApF4UtntyVpZrdpjb3Ij03xq0hq4qFSBU+TAfA8DoE4vPGyvqIP1t8nN941amecRx+hPVTKAifGfDaF5PiRkoHCXNz3l6w1FpSvUHM1B8CtjpZLthMPBN1OM9TV8Y+I+acXaViCMLnu8FXb root@ubuntu-bionic
-----END SSH HOST KEY KEYS-----
[   48.847284] cloud-init[1217]: Cloud-init v. 19.4-33-gbb4131a2-0ubuntu1~18.04.1 running 'modules:final' at Wed, 18 Mar 2020 15:23:50 +0000. Up 47.46 seconds.
[   48.847507] cloud-init[1217]: ci-info: no authorized SSH keys fingerprints found for user ubuntu.
[   48.847594] cloud-init[1217]: Cloud-init v. 19.4-33-gbb4131a2-0ubuntu1~18.04.1 finished at Wed, 18 Mar 2020 15:23:51 +0000. Datasource DataSourceNoCloud [seed=/dev/sdb][dsmode=net].  Up 48.79 seconds
